0 info it worked if it ends with ok
1 verbose cli [ 'c:\\dev\\nodejs\\node.exe',
1 verbose cli   'c:\\dev\\nodejs\\node_modules\\npm\\bin\\npm-cli.js',
1 verbose cli   'run',
1 verbose cli   'webpack' ]
2 info using npm@3.10.10
3 info using node@v6.11.0
4 verbose run-script [ 'prewebpack', 'webpack', 'postwebpack' ]
5 info lifecycle package@1.0.0~prewebpack: package@1.0.0
6 silly lifecycle package@1.0.0~prewebpack: no script for prewebpack, continuing
7 info lifecycle package@1.0.0~webpack: package@1.0.0
8 verbose lifecycle package@1.0.0~webpack: unsafe-perm in lifecycle true
9 verbose lifecycle package@1.0.0~webpack: PATH: c:\dev\nodejs\node_modules\npm\bin\node-gyp-bin;D:\xiangmu\svn\trunk\node_modules\.bin;C:\Program Files (x86)\AMD APP\bin\x86_64;C:\Program Files (x86)\AMD APP\bin\x86;C:\Windows\system32;C:\Windows;C:\Windows\System32\Wbem;C:\Windows\System32\WindowsPowerShell\v1.0\;C:\Program Files (x86)\ATI Technologies\ATI.ACE\Core-Static;D:\Program Files\Java\jdk1.8.0_73\bin;D:\Program Files\Java\jdk1.8.0_73\jre\bin;D:\Program Files\tomcat8.5.11\lib;D:\Program Files\tomcat8.5.11\bin;D:\Program Files\MySQL\MySQL Server 5.5\bin;C:\dev\nvm;c:\dev\nodejs;D:\Program Files\TortoiseSVN\bin;C:\Program Files\TortoiseGit\bin;D:\Program Files\Git\cmd
10 verbose lifecycle package@1.0.0~webpack: CWD: D:\xiangmu\svn\trunk
11 silly lifecycle package@1.0.0~webpack: Args: [ '/d /s /c', 'webpack --watch' ]
12 verbose stack Error: kill ENOSYS
12 verbose stack     at exports._errnoException (util.js:1018:11)
12 verbose stack     at process.kill (internal/process.js:190:13)
12 verbose stack     at process.listener (c:\dev\nodejs\node_modules\npm\node_modules\npmlog\node_modules\gauge\node_modules\signal-exit\index.js:86:15)
12 verbose stack     at emitNone (events.js:91:20)
12 verbose stack     at process.emit (events.js:185:7)
12 verbose stack     at processEmit (c:\dev\nodejs\node_modules\npm\node_modules\npmlog\node_modules\gauge\node_modules\signal-exit\index.js:146:32)
12 verbose stack     at processEmit (c:\dev\nodejs\node_modules\npm\node_modules\npm-registry-client\node_modules\npmlog\node_modules\gauge\node_modules\signal-exit\index.js:146:32)
12 verbose stack     at Signal.wrap.onsignal (internal/process.js:217:44)
13 verbose cwd D:\xiangmu\svn\trunk
14 error Windows_NT 6.1.7600
15 error argv "c:\\dev\\nodejs\\node.exe" "c:\\dev\\nodejs\\node_modules\\npm\\bin\\npm-cli.js" "run" "webpack"
16 error node v6.11.0
17 error npm  v3.10.10
18 error code ENOSYS
19 error errno ENOSYS
20 error syscall kill
21 error kill ENOSYS
22 error If you need help, you may report this error at:
22 error     <https://github.com/npm/npm/issues>
23 verbose exit [ 1, true ]
